C51 COMPILER V9.59.0.0   MAIN                                                              04/01/2021 21:36:10 PAGE 1   


C51 COMPILER V9.59.0.0, COMPILATION OF MODULE MAIN
OBJECT MODULE PLACED IN main.OBJ
COMPILER INVOKED BY: D:\Keil_v5\C51\BIN\C51.exe main.c

line level    source

   1          #include <REG52.H>
   2          #include "./led.h"
   3          #include "./tube.h"
   4          void main() {
   5   1          while (1)
   6   1          {
   7   2              // startLed();
   8   2             startTube();
   9   2          }
  10   1          
  11   1      }


MODULE INFORMATION:   STATIC OVERLAYABLE
   CODE SIZE        =      5    ----
   CONSTANT SIZE    =   ----    ----
   XDATA SIZE       =   ----    ----
   PDATA SIZE       =   ----    ----
   DATA SIZE        =   ----    ----
   IDATA SIZE       =   ----    ----
   BIT SIZE         =   ----    ----
END OF MODULE INFORMATION.


C51 COMPILATION COMPLETE.  0 WARNING(S),  0 ERROR(S)
