C51 COMPILER V9.59.0.0   TUBE                                                              04/01/2021 21:36:10 PAGE 1   


C51 COMPILER V9.59.0.0, COMPILATION OF MODULE TUBE
OBJECT MODULE PLACED IN tube.OBJ
COMPILER INVOKED BY: D:\Keil_v5\C51\BIN\C51.exe tube.c

line level    source

   1          #include <REG52.H>
   2          #include "./utils.h"
   3          // 译码器输入端
   4          sbit A0 = P2 ^ 2;
   5          sbit A1 = P2 ^ 3;
   6          sbit A2 = P2 ^ 4;
   7          sbit K1 = P3 ^ 1;
   8          sbit beep = P1 ^ 5;
   9          // 数码管数字显示对应表
  10          unsigned char table[] = {
  11              0x3f, //0
  12              0x06, //1
  13              0x5b, //2
  14              0x4f, //3
  15              0x66, //4
  16              0x6d, //5
  17              0x7d, //6
  18              0x07, //7
  19              0x7f, //8
  20              0x6f, //9
  21              0x77, //a
  22          };
  23          
  24          void openLed(unsigned char seq)
  25          {
  26   1          seq = 7 - (seq - 1);
  27   1          switch (seq)
  28   1          {
  29   2          case 0:
  30   2              A0 = 0;
  31   2              A1 = 0;
  32   2              A2 = 0;
  33   2              break;
  34   2          case 1:
  35   2              A0 = 1;
  36   2              A1 = 0;
  37   2              A2 = 0;
  38   2              break;
  39   2          case 2:
  40   2              A0 = 0;
  41   2              A1 = 1;
  42   2              A2 = 0;
  43   2              break;
  44   2          case 3:
  45   2              A0 = 1;
  46   2              A1 = 1;
  47   2              A2 = 0;
  48   2              break;
  49   2          case 4:
  50   2              A0 = 0;
  51   2              A1 = 0;
  52   2              A2 = 1;
  53   2              break;
  54   2          case 5:
  55   2              A0 = 1;
C51 COMPILER V9.59.0.0   TUBE                                                              04/01/2021 21:36:10 PAGE 2   

  56   2              A1 = 0;
  57   2              A2 = 1;
  58   2              break;
  59   2          case 6:
  60   2              A0 = 0;
  61   2              A1 = 1;
  62   2              A2 = 1;
  63   2              break;
  64   2          default:
  65   2              A0 = 1;
  66   2              A1 = 1;
  67   2              A2 = 1;
  68   2              break;
  69   2          }
  70   1      }
  71          void loopSeqshow()
  72          {
  73   1          // 数码管
  74   1          unsigned char loop = 1;
  75   1          openLed(1);
  76   1          while (loop)
  77   1          {
  78   2              P0 = table[loop - 1];
  79   2              sleep(2);
  80   2              loop++;
  81   2              if (!(loop - 11))
  82   2              {
  83   3                  loop = 1;
  84   3              }
  85   2          }
  86   1      }
  87          void startTube()
  88          {
  89   1          unsigned char loop = 1;
  90   1          openLed(1);
  91   1          while (loop)
  92   1          {
  93   2              while (!K1)
  94   2              {
  95   3                  beep=1;
  96   3                 return;
  97   3              }
  98   2              openLed(loop);
  99   2              P0 = table[loop - 1];
 100   2              sleepMin(10); // 防抖？
 101   2              P0=0x00; // 消隐
 102   2              loop++;
 103   2              if (!(loop - 9))
 104   2              {
 105   3                  loop = 1;
 106   3              }
 107   2          }
 108   1      }


MODULE INFORMATION:   STATIC OVERLAYABLE
   CODE SIZE        =    176    ----
   CONSTANT SIZE    =   ----    ----
   XDATA SIZE       =   ----    ----
   PDATA SIZE       =   ----    ----
   DATA SIZE        =     11       2
   IDATA SIZE       =   ----    ----
C51 COMPILER V9.59.0.0   TUBE                                                              04/01/2021 21:36:10 PAGE 3   

   BIT SIZE         =   ----    ----
END OF MODULE INFORMATION.


C51 COMPILATION COMPLETE.  0 WARNING(S),  0 ERROR(S)
